
 Generation 1 
 ++++++++++++++++++++++++++++++++++++++++ doing for orientation ++++++++++++++++++++++++++++++++++++++++
                                          77.0-81.0-261.0                                                     
+++++++++++++++++++++++++++++++++++++++++++++++++++++++++++++++++++++++++++++++++++++++++++++++++++++++
 compare_pileup.py --multiplier 1 --sim /egr/research-cmm/Projects/Aritra/cpTi_hexMatrix/SyntheticTests/NewOptimization_Study/CRSS_120_60_180/SingleOri_77_81_261_higherWeightage/Generation_01/Test_01/Orientation_01/subset_sim.txt /egr/research-cmm/Projects/Aritra/cpTi_hexMatrix/SyntheticTests/NewOptimization_Study/CRSS_120_60_180/SingleOri_77_81_261_higherWeightage/cpTi_NewModel_indent_exp_pileUp_1.txt  ***
 load_disp error-- 0.429979914829
 *** pile_up_error-- 3.23195420955
 *** orientation --> [  77.   81.  261.] ***
 +++++++++++++++++++++++++++++++++ current fitness and points +++++++++++++++++++++++++++

 2.39136192113
 [  9.81498511e+07   1.98185306e+08   2.31998414e+07]
++++++++++++++++++++++++++++++++++++++++++++++++++++++++++++++++++++++++++++++++++++++++

 Generation 1 
 ++++++++++++++++++++++++++++++++++++++++ doing for orientation ++++++++++++++++++++++++++++++++++++++++
                                          77.0-81.0-261.0                                                     
+++++++++++++++++++++++++++++++++++++++++++++++++++++++++++++++++++++++++++++++++++++++++++++++++++++++
 compare_pileup.py --multiplier 1 --sim /egr/research-cmm/Projects/Aritra/cpTi_hexMatrix/SyntheticTests/NewOptimization_Study/CRSS_120_60_180/SingleOri_77_81_261_higherWeightage/Generation_01/Test_02/Orientation_01/subset_sim.txt /egr/research-cmm/Projects/Aritra/cpTi_hexMatrix/SyntheticTests/NewOptimization_Study/CRSS_120_60_180/SingleOri_77_81_261_higherWeightage/cpTi_NewModel_indent_exp_pileUp_1.txt  ***
 load_disp error-- 0.0190534488692
 *** pile_up_error-- 0.122729927224
 *** orientation --> [  77.   81.  261.] ***
 +++++++++++++++++++++++++++++++++ current fitness and points +++++++++++++++++++++++++++

 0.0916269837176
 [  1.74019124e+08   3.54797671e+07   3.16148153e+08]
++++++++++++++++++++++++++++++++++++++++++++++++++++++++++++++++++++++++++++++++++++++++

 Generation 1 
 ++++++++++++++++++++++++++++++++++++++++ doing for orientation ++++++++++++++++++++++++++++++++++++++++
                                          77.0-81.0-261.0                                                     
+++++++++++++++++++++++++++++++++++++++++++++++++++++++++++++++++++++++++++++++++++++++++++++++++++++++
 compare_pileup.py --multiplier 1 --sim /egr/research-cmm/Projects/Aritra/cpTi_hexMatrix/SyntheticTests/NewOptimization_Study/CRSS_120_60_180/SingleOri_77_81_261_higherWeightage/Generation_01/Test_03/Orientation_01/subset_sim.txt /egr/research-cmm/Projects/Aritra/cpTi_hexMatrix/SyntheticTests/NewOptimization_Study/CRSS_120_60_180/SingleOri_77_81_261_higherWeightage/cpTi_NewModel_indent_exp_pileUp_1.txt  ***
 load_disp error-- 0.153466079034
 *** pile_up_error-- 0.591548286043
 *** orientation --> [  77.   81.  261.] ***
 +++++++++++++++++++++++++++++++++ current fitness and points +++++++++++++++++++++++++++

 0.46012362394
 [  2.31359248e+08   4.09843337e+07   8.38918669e+07]
++++++++++++++++++++++++++++++++++++++++++++++++++++++++++++++++++++++++++++++++++++++++

 Generation 1 
 ++++++++++++++++++++++++++++++++++++++++ doing for orientation ++++++++++++++++++++++++++++++++++++++++
                                          77.0-81.0-261.0                                                     
+++++++++++++++++++++++++++++++++++++++++++++++++++++++++++++++++++++++++++++++++++++++++++++++++++++++
 compare_pileup.py --multiplier 1 --sim /egr/research-cmm/Projects/Aritra/cpTi_hexMatrix/SyntheticTests/NewOptimization_Study/CRSS_120_60_180/SingleOri_77_81_261_higherWeightage/Generation_01/Test_04/Orientation_01/subset_sim.txt /egr/research-cmm/Projects/Aritra/cpTi_hexMatrix/SyntheticTests/NewOptimization_Study/CRSS_120_60_180/SingleOri_77_81_261_higherWeightage/cpTi_NewModel_indent_exp_pileUp_1.txt  ***
 load_disp error-- 0.265878047248
 *** pile_up_error-- 2.11847502936
 *** orientation --> [  77.   81.  261.] ***
 +++++++++++++++++++++++++++++++++ current fitness and points +++++++++++++++++++++++++++

 1.56269593473
 [ 36079249.56693188  68456174.10726906  66947183.62942486]
++++++++++++++++++++++++++++++++++++++++++++++++++++++++++++++++++++++++++++++++++++++++

 Generation 1 
 ++++++++++++++++++++++++++++++++++++++++ doing for orientation ++++++++++++++++++++++++++++++++++++++++
                                          77.0-81.0-261.0                                                     
+++++++++++++++++++++++++++++++++++++++++++++++++++++++++++++++++++++++++++++++++++++++++++++++++++++++
 compare_pileup.py --multiplier 1 --sim /egr/research-cmm/Projects/Aritra/cpTi_hexMatrix/SyntheticTests/NewOptimization_Study/CRSS_120_60_180/SingleOri_77_81_261_higherWeightage/Generation_01/Test_05/Orientation_01/subset_sim.txt /egr/research-cmm/Projects/Aritra/cpTi_hexMatrix/SyntheticTests/NewOptimization_Study/CRSS_120_60_180/SingleOri_77_81_261_higherWeightage/cpTi_NewModel_indent_exp_pileUp_1.txt  ***
 load_disp error-- 0.485383358616
 *** pile_up_error-- 3.41992007842
 *** orientation --> [  77.   81.  261.] ***
 +++++++++++++++++++++++++++++++++ current fitness and points +++++++++++++++++++++++++++

 2.53955906248
 [  2.16543433e+08   3.33969634e+08   1.83446683e+07]
++++++++++++++++++++++++++++++++++++++++++++++++++++++++++++++++++++++++++++++++++++++++

 Generation 1 
 ++++++++++++++++++++++++++++++++++++++++ doing for orientation ++++++++++++++++++++++++++++++++++++++++
                                          77.0-81.0-261.0                                                     
+++++++++++++++++++++++++++++++++++++++++++++++++++++++++++++++++++++++++++++++++++++++++++++++++++++++
 compare_pileup.py --multiplier 1 --sim /egr/research-cmm/Projects/Aritra/cpTi_hexMatrix/SyntheticTests/NewOptimization_Study/CRSS_120_60_180/SingleOri_77_81_261_higherWeightage/Generation_01/Test_06/Orientation_01/subset_sim.txt /egr/research-cmm/Projects/Aritra/cpTi_hexMatrix/SyntheticTests/NewOptimization_Study/CRSS_120_60_180/SingleOri_77_81_261_higherWeightage/cpTi_NewModel_indent_exp_pileUp_1.txt  ***
 load_disp error-- 0.334166460353
 *** pile_up_error-- 2.35207154145
 *** orientation --> [  77.   81.  261.] ***
 +++++++++++++++++++++++++++++++++ current fitness and points +++++++++++++++++++++++++++

 1.74670001712
 [ 48920173.21291096  93093278.01664467  40302468.68270844]
++++++++++++++++++++++++++++++++++++++++++++++++++++++++++++++++++++++++++++++++++++++++

 Generation 1 
 ++++++++++++++++++++++++++++++++++++++++ doing for orientation ++++++++++++++++++++++++++++++++++++++++
                                          77.0-81.0-261.0                                                     
+++++++++++++++++++++++++++++++++++++++++++++++++++++++++++++++++++++++++++++++++++++++++++++++++++++++
 compare_pileup.py --multiplier 1 --sim /egr/research-cmm/Projects/Aritra/cpTi_hexMatrix/SyntheticTests/NewOptimization_Study/CRSS_120_60_180/SingleOri_77_81_261_higherWeightage/Generation_01/Test_07/Orientation_01/subset_sim.txt /egr/research-cmm/Projects/Aritra/cpTi_hexMatrix/SyntheticTests/NewOptimization_Study/CRSS_120_60_180/SingleOri_77_81_261_higherWeightage/cpTi_NewModel_indent_exp_pileUp_1.txt  ***
 load_disp error-- 0.472480570785
 *** pile_up_error-- 1.86243918156
 *** orientation --> [  77.   81.  261.] ***
 +++++++++++++++++++++++++++++++++ current fitness and points +++++++++++++++++++++++++++

 1.44545159833
 [  2.41120090e+08   3.74991189e+08   1.30551230e+08]
++++++++++++++++++++++++++++++++++++++++++++++++++++++++++++++++++++++++++++++++++++++++

 Generation 1 
 ++++++++++++++++++++++++++++++++++++++++ doing for orientation ++++++++++++++++++++++++++++++++++++++++
                                          77.0-81.0-261.0                                                     
+++++++++++++++++++++++++++++++++++++++++++++++++++++++++++++++++++++++++++++++++++++++++++++++++++++++
 compare_pileup.py --multiplier 1 --sim /egr/research-cmm/Projects/Aritra/cpTi_hexMatrix/SyntheticTests/NewOptimization_Study/CRSS_120_60_180/SingleOri_77_81_261_higherWeightage/Generation_01/Test_08/Orientation_01/subset_sim.txt /egr/research-cmm/Projects/Aritra/cpTi_hexMatrix/SyntheticTests/NewOptimization_Study/CRSS_120_60_180/SingleOri_77_81_261_higherWeightage/cpTi_NewModel_indent_exp_pileUp_1.txt  ***
 load_disp error-- 0.527300848799
 *** pile_up_error-- 1.94168530771
 *** orientation --> [  77.   81.  261.] ***
 +++++++++++++++++++++++++++++++++ current fitness and points +++++++++++++++++++++++++++

 1.51736997004
 [  1.51510217e+08   3.17932313e+08   1.72433535e+08]
++++++++++++++++++++++++++++++++++++++++++++++++++++++++++++++++++++++++++++++++++++++++

 Generation 1 
 ++++++++++++++++++++++++++++++++++++++++ doing for orientation ++++++++++++++++++++++++++++++++++++++++
                                          77.0-81.0-261.0                                                     
+++++++++++++++++++++++++++++++++++++++++++++++++++++++++++++++++++++++++++++++++++++++++++++++++++++++
 compare_pileup.py --multiplier 1 --sim /egr/research-cmm/Projects/Aritra/cpTi_hexMatrix/SyntheticTests/NewOptimization_Study/CRSS_120_60_180/SingleOri_77_81_261_higherWeightage/Generation_01/Test_09/Orientation_01/subset_sim.txt /egr/research-cmm/Projects/Aritra/cpTi_hexMatrix/SyntheticTests/NewOptimization_Study/CRSS_120_60_180/SingleOri_77_81_261_higherWeightage/cpTi_NewModel_indent_exp_pileUp_1.txt  ***
 load_disp error-- 0.831261939677
 *** pile_up_error-- 0.954065451318
 *** orientation --> [  77.   81.  261.] ***
 +++++++++++++++++++++++++++++++++ current fitness and points +++++++++++++++++++++++++++

 0.917224397826
 [  3.75786832e+08   1.93712099e+08   2.21740370e+08]
++++++++++++++++++++++++++++++++++++++++++++++++++++++++++++++++++++++++++++++++++++++++

 Generation 1 
 ++++++++++++++++++++++++++++++++++++++++ doing for orientation ++++++++++++++++++++++++++++++++++++++++
                                          77.0-81.0-261.0                                                     
+++++++++++++++++++++++++++++++++++++++++++++++++++++++++++++++++++++++++++++++++++++++++++++++++++++++
 compare_pileup.py --multiplier 1 --sim /egr/research-cmm/Projects/Aritra/cpTi_hexMatrix/SyntheticTests/NewOptimization_Study/CRSS_120_60_180/SingleOri_77_81_261_higherWeightage/Generation_01/Test_010/Orientation_01/subset_sim.txt /egr/research-cmm/Projects/Aritra/cpTi_hexMatrix/SyntheticTests/NewOptimization_Study/CRSS_120_60_180/SingleOri_77_81_261_higherWeightage/cpTi_NewModel_indent_exp_pileUp_1.txt  ***
 load_disp error-- 0.504510423416
 *** pile_up_error-- 3.48267871648
 *** orientation --> [  77.   81.  261.] ***
 +++++++++++++++++++++++++++++++++ current fitness and points +++++++++++++++++++++++++++

 2.58922822856
 [  3.48670291e+08   2.33392537e+08   1.67682529e+07]
++++++++++++++++++++++++++++++++++++++++++++++++++++++++++++++++++++++++++++++++++++++++

################################ Initial simplex ###########################################
 [[ 0.22602526  0.48252643  0.03384575]
 [ 0.42056186  0.06533274  0.78499526]
 [ 0.56758781  0.07944701  0.18946633]
 [ 0.06686987  0.14988763  0.14601842]
 [ 0.52959855  0.83069137  0.02139659]
 [ 0.09979532  0.21305969  0.07769864]
 [ 0.59261562  0.93587484  0.30910572]
 [ 0.36284671  0.78957003  0.41649624]
 [ 0.93791495  0.47105666  0.54292402]
 [ 0.86838536  0.57280138  0.01735449]]
 ############################################################################################
 Generation 2 
 ++++++++++++++++++++++++++++++++++++++++ doing for orientation ++++++++++++++++++++++++++++++++++++++++
                                          77.0-81.0-261.0                                                     
+++++++++++++++++++++++++++++++++++++++++++++++++++++++++++++++++++++++++++++++++++++++++++++++++++++++
 compare_pileup.py --multiplier 1 --sim /egr/research-cmm/Projects/Aritra/cpTi_hexMatrix/SyntheticTests/NewOptimization_Study/CRSS_120_60_180/SingleOri_77_81_261_higherWeightage/Generation_02/Test_011/Orientation_01/subset_sim.txt /egr/research-cmm/Projects/Aritra/cpTi_hexMatrix/SyntheticTests/NewOptimization_Study/CRSS_120_60_180/SingleOri_77_81_261_higherWeightage/cpTi_NewModel_indent_exp_pileUp_1.txt  ***
 load_disp error-- 0.442262143544
 *** pile_up_error-- 0.805211418268
 *** orientation --> [  77.   81.  261.] ***
 +++++++++++++++++++++++++++++++++ current fitness and points +++++++++++++++++++++++++++

 0.696326635851
 [  1.80206704e+08   1.37848365e+08   1.80116820e+08]
++++++++++++++++++++++++++++++++++++++++++++++++++++++++++++++++++++++++++++++++++++++++

 Generation 2 
 ++++++++++++++++++++++++++++++++++++++++ doing for orientation ++++++++++++++++++++++++++++++++++++++++
                                          77.0-81.0-261.0                                                     
+++++++++++++++++++++++++++++++++++++++++++++++++++++++++++++++++++++++++++++++++++++++++++++++++++++++
 compare_pileup.py --multiplier 1 --sim /egr/research-cmm/Projects/Aritra/cpTi_hexMatrix/SyntheticTests/NewOptimization_Study/CRSS_120_60_180/SingleOri_77_81_261_higherWeightage/Generation_02/Test_012/Orientation_01/subset_sim.txt /egr/research-cmm/Projects/Aritra/cpTi_hexMatrix/SyntheticTests/NewOptimization_Study/CRSS_120_60_180/SingleOri_77_81_261_higherWeightage/cpTi_NewModel_indent_exp_pileUp_1.txt  ***
 load_disp error-- 0.551651704892
 *** pile_up_error-- 0.213679907679
 *** orientation --> [  77.   81.  261.] ***
 +++++++++++++++++++++++++++++++++ current fitness and points +++++++++++++++++++++++++++

 0.315071446843
 [  2.42530007e+08   1.18175030e+08   4.00000000e+08]
++++++++++++++++++++++++++++++++++++++++++++++++++++++++++++++++++++++++++++++++++++++++

 Generation 2 
 ++++++++++++++++++++++++++++++++++++++++ doing for orientation ++++++++++++++++++++++++++++++++++++++++
                                          77.0-81.0-261.0                                                     
+++++++++++++++++++++++++++++++++++++++++++++++++++++++++++++++++++++++++++++++++++++++++++++++++++++++
 compare_pileup.py --multiplier 1 --sim /egr/research-cmm/Projects/Aritra/cpTi_hexMatrix/SyntheticTests/NewOptimization_Study/CRSS_120_60_180/SingleOri_77_81_261_higherWeightage/Generation_02/Test_013/Orientation_01/subset_sim.txt /egr/research-cmm/Projects/Aritra/cpTi_hexMatrix/SyntheticTests/NewOptimization_Study/CRSS_120_60_180/SingleOri_77_81_261_higherWeightage/cpTi_NewModel_indent_exp_pileUp_1.txt  ***
 load_disp error-- 0.650899197062
 *** pile_up_error-- 0.223231987258
 *** orientation --> [  77.   81.  261.] ***
 +++++++++++++++++++++++++++++++++ current fitness and points +++++++++++++++++++++++++++

 0.351532150199
 [  2.38915863e+08   1.42148217e+08   3.50721017e+08]
++++++++++++++++++++++++++++++++++++++++++++++++++++++++++++++++++++++++++++++++++++++++

 Generation 2 
 ++++++++++++++++++++++++++++++++++++++++ doing for orientation ++++++++++++++++++++++++++++++++++++++++
                                          77.0-81.0-261.0                                                     
+++++++++++++++++++++++++++++++++++++++++++++++++++++++++++++++++++++++++++++++++++++++++++++++++++++++
 compare_pileup.py --multiplier 1 --sim /egr/research-cmm/Projects/Aritra/cpTi_hexMatrix/SyntheticTests/NewOptimization_Study/CRSS_120_60_180/SingleOri_77_81_261_higherWeightage/Generation_02/Test_014/Orientation_01/subset_sim.txt /egr/research-cmm/Projects/Aritra/cpTi_hexMatrix/SyntheticTests/NewOptimization_Study/CRSS_120_60_180/SingleOri_77_81_261_higherWeightage/cpTi_NewModel_indent_exp_pileUp_1.txt  ***
 load_disp error-- 0.664070410019
 *** pile_up_error-- 0.343720545344
 *** orientation --> [  77.   81.  261.] ***
 +++++++++++++++++++++++++++++++++ current fitness and points +++++++++++++++++++++++++++

 0.439825504746
 [  2.39652274e+08   1.51496583e+08   2.75936338e+08]
++++++++++++++++++++++++++++++++++++++++++++++++++++++++++++++++++++++++++++++++++++++++

 Generation 2 
 ++++++++++++++++++++++++++++++++++++++++ doing for orientation ++++++++++++++++++++++++++++++++++++++++
                                          77.0-81.0-261.0                                                     
+++++++++++++++++++++++++++++++++++++++++++++++++++++++++++++++++++++++++++++++++++++++++++++++++++++++
 compare_pileup.py --multiplier 1 --sim /egr/research-cmm/Projects/Aritra/cpTi_hexMatrix/SyntheticTests/NewOptimization_Study/CRSS_120_60_180/SingleOri_77_81_261_higherWeightage/Generation_02/Test_015/Orientation_01/subset_sim.txt /egr/research-cmm/Projects/Aritra/cpTi_hexMatrix/SyntheticTests/NewOptimization_Study/CRSS_120_60_180/SingleOri_77_81_261_higherWeightage/cpTi_NewModel_indent_exp_pileUp_1.txt  ***
 load_disp error-- 0.694399763659
 *** pile_up_error-- 0.338485735388
 *** orientation --> [  77.   81.  261.] ***
 +++++++++++++++++++++++++++++++++ current fitness and points +++++++++++++++++++++++++++

 0.445259943869
 [  2.96944643e+08   1.36675070e+08   2.91015276e+08]
++++++++++++++++++++++++++++++++++++++++++++++++++++++++++++++++++++++++++++++++++++++++

 Generation 2 
 ++++++++++++++++++++++++++++++++++++++++ doing for orientation ++++++++++++++++++++++++++++++++++++++++
                                          77.0-81.0-261.0                                                     
+++++++++++++++++++++++++++++++++++++++++++++++++++++++++++++++++++++++++++++++++++++++++++++++++++++++
 compare_pileup.py --multiplier 1 --sim /egr/research-cmm/Projects/Aritra/cpTi_hexMatrix/SyntheticTests/NewOptimization_Study/CRSS_120_60_180/SingleOri_77_81_261_higherWeightage/Generation_02/Test_016/Orientation_01/subset_sim.txt /egr/research-cmm/Projects/Aritra/cpTi_hexMatrix/SyntheticTests/NewOptimization_Study/CRSS_120_60_180/SingleOri_77_81_261_higherWeightage/cpTi_NewModel_indent_exp_pileUp_1.txt  ***
 load_disp error-- 0.159718812656
 *** pile_up_error-- 1.82311191551
 *** orientation --> [  77.   81.  261.] ***
 +++++++++++++++++++++++++++++++++ current fitness and points +++++++++++++++++++++++++++

 1.32409398465
 [  1.09453614e+08   1.35115406e+08   1.16749490e+08]
++++++++++++++++++++++++++++++++++++++++++++++++++++++++++++++++++++++++++++++++++++++++

 Generation 2 
 ++++++++++++++++++++++++++++++++++++++++ doing for orientation ++++++++++++++++++++++++++++++++++++++++
                                          77.0-81.0-261.0                                                     
+++++++++++++++++++++++++++++++++++++++++++++++++++++++++++++++++++++++++++++++++++++++++++++++++++++++
 compare_pileup.py --multiplier 1 --sim /egr/research-cmm/Projects/Aritra/cpTi_hexMatrix/SyntheticTests/NewOptimization_Study/CRSS_120_60_180/SingleOri_77_81_261_higherWeightage/Generation_02/Test_017/Orientation_01/subset_sim.txt /egr/research-cmm/Projects/Aritra/cpTi_hexMatrix/SyntheticTests/NewOptimization_Study/CRSS_120_60_180/SingleOri_77_81_261_higherWeightage/cpTi_NewModel_indent_exp_pileUp_1.txt  ***
 load_disp error-- 1.04610172358
 *** pile_up_error-- 1.76021347405
 *** orientation --> [  77.   81.  261.] ***
 +++++++++++++++++++++++++++++++++ current fitness and points +++++++++++++++++++++++++++

 1.54597994891
 [  2.56592781e+08   3.59488697e+08   2.47617338e+08]
++++++++++++++++++++++++++++++++++++++++++++++++++++++++++++++++++++++++++++++++++++++++

 Generation 2 
 ++++++++++++++++++++++++++++++++++++++++ doing for orientation ++++++++++++++++++++++++++++++++++++++++
                                          77.0-81.0-261.0                                                     
+++++++++++++++++++++++++++++++++++++++++++++++++++++++++++++++++++++++++++++++++++++++++++++++++++++++
 compare_pileup.py --multiplier 1 --sim /egr/research-cmm/Projects/Aritra/cpTi_hexMatrix/SyntheticTests/NewOptimization_Study/CRSS_120_60_180/SingleOri_77_81_261_higherWeightage/Generation_02/Test_018/Orientation_01/subset_sim.txt /egr/research-cmm/Projects/Aritra/cpTi_hexMatrix/SyntheticTests/NewOptimization_Study/CRSS_120_60_180/SingleOri_77_81_261_higherWeightage/cpTi_NewModel_indent_exp_pileUp_1.txt  ***
 load_disp error-- 1.16965702852
 *** pile_up_error-- 0.760499511945
 *** orientation --> [  77.   81.  261.] ***
 +++++++++++++++++++++++++++++++++ current fitness and points +++++++++++++++++++++++++++

 0.883246766917
 [  2.49350091e+08   2.48794634e+08   3.40257273e+08]
++++++++++++++++++++++++++++++++++++++++++++++++++++++++++++++++++++++++++++++++++++++++

 Generation 2 
 ++++++++++++++++++++++++++++++++++++++++ doing for orientation ++++++++++++++++++++++++++++++++++++++++
                                          77.0-81.0-261.0                                                     
+++++++++++++++++++++++++++++++++++++++++++++++++++++++++++++++++++++++++++++++++++++++++++++++++++++++
 compare_pileup.py --multiplier 1 --sim /egr/research-cmm/Projects/Aritra/cpTi_hexMatrix/SyntheticTests/NewOptimization_Study/CRSS_120_60_180/SingleOri_77_81_261_higherWeightage/Generation_02/Test_019/Orientation_01/subset_sim.txt /egr/research-cmm/Projects/Aritra/cpTi_hexMatrix/SyntheticTests/NewOptimization_Study/CRSS_120_60_180/SingleOri_77_81_261_higherWeightage/cpTi_NewModel_indent_exp_pileUp_1.txt  ***
 load_disp error-- 0.449518400873
 *** pile_up_error-- 0.183428755305
 *** orientation --> [  77.   81.  261.] ***
 +++++++++++++++++++++++++++++++++ current fitness and points +++++++++++++++++++++++++++

 0.263255648975
 [  2.72054508e+08   8.43692402e+07   4.00000000e+08]
++++++++++++++++++++++++++++++++++++++++++++++++++++++++++++++++++++++++++++++++++++++++

 Generation 2 
 ++++++++++++++++++++++++++++++++++++++++ doing for orientation ++++++++++++++++++++++++++++++++++++++++
                                          77.0-81.0-261.0                                                     
+++++++++++++++++++++++++++++++++++++++++++++++++++++++++++++++++++++++++++++++++++++++++++++++++++++++
 compare_pileup.py --multiplier 1 --sim /egr/research-cmm/Projects/Aritra/cpTi_hexMatrix/SyntheticTests/NewOptimization_Study/CRSS_120_60_180/SingleOri_77_81_261_higherWeightage/Generation_02/Test_020/Orientation_01/subset_sim.txt /egr/research-cmm/Projects/Aritra/cpTi_hexMatrix/SyntheticTests/NewOptimization_Study/CRSS_120_60_180/SingleOri_77_81_261_higherWeightage/cpTi_NewModel_indent_exp_pileUp_1.txt  ***
 load_disp error-- 0.755606508825
 *** pile_up_error-- 0.315261740025
 *** orientation --> [  77.   81.  261.] ***
 +++++++++++++++++++++++++++++++++ current fitness and points +++++++++++++++++++++++++++

 0.447365170665
 [  2.62694794e+08   1.58941055e+08   3.09268253e+08]
++++++++++++++++++++++++++++++++++++++++++++++++++++++++++++++++++++++++++++++++++++++++

 =================== current population ======================
 [[ 0.43642745  0.32781632  0.43619697]
 [ 0.59623079  0.27737187  1.        ]
 [ 0.58696375  0.33884158  0.87364363]
 [ 0.58885198  0.36281175  0.68188805]
 [ 0.73575549  0.32480787  0.72055199]
 [ 0.25500927  0.32080873  0.27371664]
 [ 0.63228918  0.89612486  0.60927522]
 [ 0.61371818  0.61229393  0.84681352]
 [ 0.67193464  0.19069036  1.        ]
 [ 0.64793537  0.38190014  0.76735449]]
=============================================================
 ****** the current best fitness is **** 0.263255648975
 Generation 3 
 ++++++++++++++++++++++++++++++++++++++++ doing for orientation ++++++++++++++++++++++++++++++++++++++++
                                          77.0-81.0-261.0                                                     
+++++++++++++++++++++++++++++++++++++++++++++++++++++++++++++++++++++++++++++++++++++++++++++++++++++++
 compare_pileup.py --multiplier 1 --sim /egr/research-cmm/Projects/Aritra/cpTi_hexMatrix/SyntheticTests/NewOptimization_Study/CRSS_120_60_180/SingleOri_77_81_261_higherWeightage/Generation_03/Test_021/Orientation_01/subset_sim.txt /egr/research-cmm/Projects/Aritra/cpTi_hexMatrix/SyntheticTests/NewOptimization_Study/CRSS_120_60_180/SingleOri_77_81_261_higherWeightage/cpTi_NewModel_indent_exp_pileUp_1.txt  ***
 load_disp error-- 0.108832170478
 *** pile_up_error-- 0.326686714011
 *** orientation --> [  77.   81.  261.] ***
 +++++++++++++++++++++++++++++++++ current fitness and points +++++++++++++++++++++++++++

 0.261330350951
 [  1.98034168e+08   1.00000000e+07   3.76458211e+08]
++++++++++++++++++++++++++++++++++++++++++++++++++++++++++++++++++++++++++++++++++++++++

 Generation 3 
 ++++++++++++++++++++++++++++++++++++++++ doing for orientation ++++++++++++++++++++++++++++++++++++++++
                                          77.0-81.0-261.0                                                     
+++++++++++++++++++++++++++++++++++++++++++++++++++++++++++++++++++++++++++++++++++++++++++++++++++++++
 compare_pileup.py --multiplier 1 --sim /egr/research-cmm/Projects/Aritra/cpTi_hexMatrix/SyntheticTests/NewOptimization_Study/CRSS_120_60_180/SingleOri_77_81_261_higherWeightage/Generation_03/Test_022/Orientation_01/subset_sim.txt /egr/research-cmm/Projects/Aritra/cpTi_hexMatrix/SyntheticTests/NewOptimization_Study/CRSS_120_60_180/SingleOri_77_81_261_higherWeightage/cpTi_NewModel_indent_exp_pileUp_1.txt  ***
 load_disp error-- 0.154845062309
 *** pile_up_error-- 0.151529932837
 *** orientation --> [  77.   81.  261.] ***
 +++++++++++++++++++++++++++++++++ current fitness and points +++++++++++++++++++++++++++

 0.152524471679
 [  1.91157381e+08   5.61663001e+07   3.45375164e+08]
++++++++++++++++++++++++++++++++++++++++++++++++++++++++++++++++++++++++++++++++++++++++

 Generation 3 
 ++++++++++++++++++++++++++++++++++++++++ doing for orientation ++++++++++++++++++++++++++++++++++++++++
                                          77.0-81.0-261.0                                                     
+++++++++++++++++++++++++++++++++++++++++++++++++++++++++++++++++++++++++++++++++++++++++++++++++++++++
 compare_pileup.py --multiplier 1 --sim /egr/research-cmm/Projects/Aritra/cpTi_hexMatrix/SyntheticTests/NewOptimization_Study/CRSS_120_60_180/SingleOri_77_81_261_higherWeightage/Generation_03/Test_023/Orientation_01/subset_sim.txt /egr/research-cmm/Projects/Aritra/cpTi_hexMatrix/SyntheticTests/NewOptimization_Study/CRSS_120_60_180/SingleOri_77_81_261_higherWeightage/cpTi_NewModel_indent_exp_pileUp_1.txt  ***
 load_disp error-- 0.0482796169678
 *** pile_up_error-- 0.139906355009
 *** orientation --> [  77.   81.  261.] ***
 +++++++++++++++++++++++++++++++++ current fitness and points +++++++++++++++++++++++++++

 0.112418333597
 [  1.63645485e+08   4.50519911e+07   3.89462776e+08]
++++++++++++++++++++++++++++++++++++++++++++++++++++++++++++++++++++++++++++++++++++++++

 Generation 3 
 ++++++++++++++++++++++++++++++++++++++++ doing for orientation ++++++++++++++++++++++++++++++++++++++++
                                          77.0-81.0-261.0                                                     
+++++++++++++++++++++++++++++++++++++++++++++++++++++++++++++++++++++++++++++++++++++++++++++++++++++++
 compare_pileup.py --multiplier 1 --sim /egr/research-cmm/Projects/Aritra/cpTi_hexMatrix/SyntheticTests/NewOptimization_Study/CRSS_120_60_180/SingleOri_77_81_261_higherWeightage/Generation_03/Test_024/Orientation_01/subset_sim.txt /egr/research-cmm/Projects/Aritra/cpTi_hexMatrix/SyntheticTests/NewOptimization_Study/CRSS_120_60_180/SingleOri_77_81_261_higherWeightage/cpTi_NewModel_indent_exp_pileUp_1.txt  ***
 load_disp error-- 0.371488295809
 *** pile_up_error-- 0.17223474949
 *** orientation --> [  77.   81.  261.] ***
 +++++++++++++++++++++++++++++++++ current fitness and points +++++++++++++++++++++++++++

 0.232010813386
 [  2.45748094e+08   7.92299072e+07   3.72315580e+08]
++++++++++++++++++++++++++++++++++++++++++++++++++++++++++++++++++++++++++++++++++++++++

 Generation 3 
 ++++++++++++++++++++++++++++++++++++++++ doing for orientation ++++++++++++++++++++++++++++++++++++++++
                                          77.0-81.0-261.0                                                     
+++++++++++++++++++++++++++++++++++++++++++++++++++++++++++++++++++++++++++++++++++++++++++++++++++++++
 compare_pileup.py --multiplier 1 --sim /egr/research-cmm/Projects/Aritra/cpTi_hexMatrix/SyntheticTests/NewOptimization_Study/CRSS_120_60_180/SingleOri_77_81_261_higherWeightage/Generation_03/Test_025/Orientation_01/subset_sim.txt /egr/research-cmm/Projects/Aritra/cpTi_hexMatrix/SyntheticTests/NewOptimization_Study/CRSS_120_60_180/SingleOri_77_81_261_higherWeightage/cpTi_NewModel_indent_exp_pileUp_1.txt  ***
 load_disp error-- 0.0357447532776
 *** pile_up_error-- 0.331912446817
 *** orientation --> [  77.   81.  261.] ***
 +++++++++++++++++++++++++++++++++ current fitness and points +++++++++++++++++++++++++++

 0.243062138755
 [  2.43256089e+08   1.34324914e+07   3.88724969e+08]
++++++++++++++++++++++++++++++++++++++++++++++++++++++++++++++++++++++++++++++++++++++++

 Generation 3 
 ++++++++++++++++++++++++++++++++++++++++ doing for orientation ++++++++++++++++++++++++++++++++++++++++
                                          77.0-81.0-261.0                                                     
+++++++++++++++++++++++++++++++++++++++++++++++++++++++++++++++++++++++++++++++++++++++++++++++++++++++
 compare_pileup.py --multiplier 1 --sim /egr/research-cmm/Projects/Aritra/cpTi_hexMatrix/SyntheticTests/NewOptimization_Study/CRSS_120_60_180/SingleOri_77_81_261_higherWeightage/Generation_03/Test_026/Orientation_01/subset_sim.txt /egr/research-cmm/Projects/Aritra/cpTi_hexMatrix/SyntheticTests/NewOptimization_Study/CRSS_120_60_180/SingleOri_77_81_261_higherWeightage/cpTi_NewModel_indent_exp_pileUp_1.txt  ***
 load_disp error-- 0.26773373106
 *** pile_up_error-- 0.136021054477
 *** orientation --> [  77.   81.  261.] ***
 +++++++++++++++++++++++++++++++++ current fitness and points +++++++++++++++++++++++++++

 0.175534857452
 [  1.59913737e+08   9.78774738e+07   2.39436464e+08]
++++++++++++++++++++++++++++++++++++++++++++++++++++++++++++++++++++++++++++++++++++++++

 Generation 3 
 ++++++++++++++++++++++++++++++++++++++++ doing for orientation ++++++++++++++++++++++++++++++++++++++++
                                          77.0-81.0-261.0                                                     
+++++++++++++++++++++++++++++++++++++++++++++++++++++++++++++++++++++++++++++++++++++++++++++++++++++++
 compare_pileup.py --multiplier 1 --sim /egr/research-cmm/Projects/Aritra/cpTi_hexMatrix/SyntheticTests/NewOptimization_Study/CRSS_120_60_180/SingleOri_77_81_261_higherWeightage/Generation_03/Test_027/Orientation_01/subset_sim.txt /egr/research-cmm/Projects/Aritra/cpTi_hexMatrix/SyntheticTests/NewOptimization_Study/CRSS_120_60_180/SingleOri_77_81_261_higherWeightage/cpTi_NewModel_indent_exp_pileUp_1.txt  ***
 load_disp error-- 1.0697944954
 *** pile_up_error-- 1.68005021385
 *** orientation --> [  77.   81.  261.] ***
 +++++++++++++++++++++++++++++++++ current fitness and points +++++++++++++++++++++++++++

 1.49697349831
 [  2.44590204e+08   3.08774757e+08   2.63744303e+08]
++++++++++++++++++++++++++++++++++++++++++++++++++++++++++++++++++++++++++++++++++++++++

 Generation 3 
 ++++++++++++++++++++++++++++++++++++++++ doing for orientation ++++++++++++++++++++++++++++++++++++++++
                                          77.0-81.0-261.0                                                     
+++++++++++++++++++++++++++++++++++++++++++++++++++++++++++++++++++++++++++++++++++++++++++++++++++++++
 compare_pileup.py --multiplier 1 --sim /egr/research-cmm/Projects/Aritra/cpTi_hexMatrix/SyntheticTests/NewOptimization_Study/CRSS_120_60_180/SingleOri_77_81_261_higherWeightage/Generation_03/Test_028/Orientation_01/subset_sim.txt /egr/research-cmm/Projects/Aritra/cpTi_hexMatrix/SyntheticTests/NewOptimization_Study/CRSS_120_60_180/SingleOri_77_81_261_higherWeightage/cpTi_NewModel_indent_exp_pileUp_1.txt  ***
 load_disp error-- 0.899080983681
 *** pile_up_error-- 0.272819915555
 *** orientation --> [  77.   81.  261.] ***
 +++++++++++++++++++++++++++++++++ current fitness and points +++++++++++++++++++++++++++

 0.460698235993
 [  2.62464551e+08   1.82073559e+08   3.85407702e+08]
++++++++++++++++++++++++++++++++++++++++++++++++++++++++++++++++++++++++++++++++++++++++

 Generation 3 
 ++++++++++++++++++++++++++++++++++++++++ doing for orientation ++++++++++++++++++++++++++++++++++++++++
                                          77.0-81.0-261.0                                                     
+++++++++++++++++++++++++++++++++++++++++++++++++++++++++++++++++++++++++++++++++++++++++++++++++++++++
 compare_pileup.py --multiplier 1 --sim /egr/research-cmm/Projects/Aritra/cpTi_hexMatrix/SyntheticTests/NewOptimization_Study/CRSS_120_60_180/SingleOri_77_81_261_higherWeightage/Generation_03/Test_029/Orientation_01/subset_sim.txt /egr/research-cmm/Projects/Aritra/cpTi_hexMatrix/SyntheticTests/NewOptimization_Study/CRSS_120_60_180/SingleOri_77_81_261_higherWeightage/cpTi_NewModel_indent_exp_pileUp_1.txt  ***
 load_disp error-- 0.0170072635756
 *** pile_up_error-- 0.173039258477
 *** orientation --> [  77.   81.  261.] ***
 +++++++++++++++++++++++++++++++++ current fitness and points +++++++++++++++++++++++++++

 0.126229660007
 [  1.90251219e+08   2.62908747e+07   4.00000000e+08]
++++++++++++++++++++++++++++++++++++++++++++++++++++++++++++++++++++++++++++++++++++++++

 Generation 3 
 ++++++++++++++++++++++++++++++++++++++++ doing for orientation ++++++++++++++++++++++++++++++++++++++++
                                          77.0-81.0-261.0                                                     
+++++++++++++++++++++++++++++++++++++++++++++++++++++++++++++++++++++++++++++++++++++++++++++++++++++++
 compare_pileup.py --multiplier 1 --sim /egr/research-cmm/Projects/Aritra/cpTi_hexMatrix/SyntheticTests/NewOptimization_Study/CRSS_120_60_180/SingleOri_77_81_261_higherWeightage/Generation_03/Test_030/Orientation_01/subset_sim.txt /egr/research-cmm/Projects/Aritra/cpTi_hexMatrix/SyntheticTests/NewOptimization_Study/CRSS_120_60_180/SingleOri_77_81_261_higherWeightage/cpTi_NewModel_indent_exp_pileUp_1.txt  ***
 load_disp error-- 0.167465695885
 *** pile_up_error-- 0.266930334387
 *** orientation --> [  77.   81.  261.] ***
 +++++++++++++++++++++++++++++++++ current fitness and points +++++++++++++++++++++++++++

 0.237090942836
 [  1.48045734e+08   1.28926806e+07   4.00000000e+08]
++++++++++++++++++++++++++++++++++++++++++++++++++++++++++++++++++++++++++++++++++++++++

 =================== current population ======================
 [[ 0.48213889  0.          0.93963644]
 [ 0.4645061   0.11837513  0.85993632]
 [ 0.39396278  0.0898769   0.97298148]
 [ 0.60448229  0.17751258  0.92901431]
 [ 0.59809254  0.00880126  0.97108966]
 [ 0.3843942   0.22532686  0.58829863]
 [ 0.60151334  0.76608912  0.65062642]
 [ 0.647345    0.44121425  0.96258385]
 [ 0.46218261  0.04177147  1.        ]
 [ 0.35396342  0.00741713  1.        ]]
=============================================================
 ****** the current best fitness is **** 0.112418333597
 Generation 4 
 ++++++++++++++++++++++++++++++++++++++++ doing for orientation ++++++++++++++++++++++++++++++++++++++++
                                          77.0-81.0-261.0                                                     
+++++++++++++++++++++++++++++++++++++++++++++++++++++++++++++++++++++++++++++++++++++++++++++++++++++++
 compare_pileup.py --multiplier 1 --sim /egr/research-cmm/Projects/Aritra/cpTi_hexMatrix/SyntheticTests/NewOptimization_Study/CRSS_120_60_180/SingleOri_77_81_261_higherWeightage/Generation_04/Test_031/Orientation_01/subset_sim.txt /egr/research-cmm/Projects/Aritra/cpTi_hexMatrix/SyntheticTests/NewOptimization_Study/CRSS_120_60_180/SingleOri_77_81_261_higherWeightage/cpTi_NewModel_indent_exp_pileUp_1.txt  ***
 load_disp error-- 0.1308086706
 *** pile_up_error-- 0.306832941102
 *** orientation --> [  77.   81.  261.] ***
 +++++++++++++++++++++++++++++++++ current fitness and points +++++++++++++++++++++++++++

 0.254025659951
 [  1.83217702e+08   1.00000000e+07   3.84720097e+08]
++++++++++++++++++++++++++++++++++++++++++++++++++++++++++++++++++++++++++++++++++++++++

 Generation 4 
 ++++++++++++++++++++++++++++++++++++++++ doing for orientation ++++++++++++++++++++++++++++++++++++++++
                                          77.0-81.0-261.0                                                     
+++++++++++++++++++++++++++++++++++++++++++++++++++++++++++++++++++++++++++++++++++++++++++++++++++++++
 compare_pileup.py --multiplier 1 --sim /egr/research-cmm/Projects/Aritra/cpTi_hexMatrix/SyntheticTests/NewOptimization_Study/CRSS_120_60_180/SingleOri_77_81_261_higherWeightage/Generation_04/Test_032/Orientation_01/subset_sim.txt /egr/research-cmm/Projects/Aritra/cpTi_hexMatrix/SyntheticTests/NewOptimization_Study/CRSS_120_60_180/SingleOri_77_81_261_higherWeightage/cpTi_NewModel_indent_exp_pileUp_1.txt  ***
 load_disp error-- 0.143130518073
 *** pile_up_error-- 0.234823771492
 *** orientation --> [  77.   81.  261.] ***
 +++++++++++++++++++++++++++++++++ current fitness and points +++++++++++++++++++++++++++

 0.207315795466
 [  1.56764588e+08   1.46528810e+07   2.96618142e+08]
++++++++++++++++++++++++++++++++++++++++++++++++++++++++++++++++++++++++++++++++++++++++

 Generation 4 
 ++++++++++++++++++++++++++++++++++++++++ doing for orientation ++++++++++++++++++++++++++++++++++++++++
                                          77.0-81.0-261.0                                                     
+++++++++++++++++++++++++++++++++++++++++++++++++++++++++++++++++++++++++++++++++++++++++++++++++++++++
 compare_pileup.py --multiplier 1 --sim /egr/research-cmm/Projects/Aritra/cpTi_hexMatrix/SyntheticTests/NewOptimization_Study/CRSS_120_60_180/SingleOri_77_81_261_higherWeightage/Generation_04/Test_033/Orientation_01/subset_sim.txt /egr/research-cmm/Projects/Aritra/cpTi_hexMatrix/SyntheticTests/NewOptimization_Study/CRSS_120_60_180/SingleOri_77_81_261_higherWeightage/cpTi_NewModel_indent_exp_pileUp_1.txt  ***
 load_disp error-- 0.159567844558
 *** pile_up_error-- 0.241132691401
 *** orientation --> [  77.   81.  261.] ***
 +++++++++++++++++++++++++++++++++ current fitness and points +++++++++++++++++++++++++++

 0.216663237348
 [  1.41097493e+08   1.58925606e+07   4.00000000e+08]
++++++++++++++++++++++++++++++++++++++++++++++++++++++++++++++++++++++++++++++++++++++++

 Generation 4 
 ++++++++++++++++++++++++++++++++++++++++ doing for orientation ++++++++++++++++++++++++++++++++++++++++
                                          77.0-81.0-261.0                                                     
+++++++++++++++++++++++++++++++++++++++++++++++++++++++++++++++++++++++++++++++++++++++++++++++++++++++
 compare_pileup.py --multiplier 1 --sim /egr/research-cmm/Projects/Aritra/cpTi_hexMatrix/SyntheticTests/NewOptimization_Study/CRSS_120_60_180/SingleOri_77_81_261_higherWeightage/Generation_04/Test_034/Orientation_01/subset_sim.txt /egr/research-cmm/Projects/Aritra/cpTi_hexMatrix/SyntheticTests/NewOptimization_Study/CRSS_120_60_180/SingleOri_77_81_261_higherWeightage/cpTi_NewModel_indent_exp_pileUp_1.txt  ***
 load_disp error-- 0.0593806868441
 *** pile_up_error-- 0.162041662679
 *** orientation --> [  77.   81.  261.] ***
 +++++++++++++++++++++++++++++++++ current fitness and points +++++++++++++++++++++++++++

 0.131243369929
 [  2.05044158e+08   3.16076561e+07   3.67924103e+08]
++++++++++++++++++++++++++++++++++++++++++++++++++++++++++++++++++++++++++++++++++++++++

 Generation 4 
 ++++++++++++++++++++++++++++++++++++++++ doing for orientation ++++++++++++++++++++++++++++++++++++++++
                                          77.0-81.0-261.0                                                     
+++++++++++++++++++++++++++++++++++++++++++++++++++++++++++++++++++++++++++++++++++++++++++++++++++++++
 compare_pileup.py --multiplier 1 --sim /egr/research-cmm/Projects/Aritra/cpTi_hexMatrix/SyntheticTests/NewOptimization_Study/CRSS_120_60_180/SingleOri_77_81_261_higherWeightage/Generation_04/Test_035/Orientation_01/subset_sim.txt /egr/research-cmm/Projects/Aritra/cpTi_hexMatrix/SyntheticTests/NewOptimization_Study/CRSS_120_60_180/SingleOri_77_81_261_higherWeightage/cpTi_NewModel_indent_exp_pileUp_1.txt  ***
 load_disp error-- 0.101020647877
 *** pile_up_error-- 0.327215403416
 *** orientation --> [  77.   81.  261.] ***
 +++++++++++++++++++++++++++++++++ current fitness and points +++++++++++++++++++++++++++

 0.259356976754
 [  2.02949048e+08   1.00000000e+07   3.92670020e+08]
++++++++++++++++++++++++++++++++++++++++++++++++++++++++++++++++++++++++++++++++++++++++

 Generation 4 
 ++++++++++++++++++++++++++++++++++++++++ doing for orientation ++++++++++++++++++++++++++++++++++++++++
                                          77.0-81.0-261.0                                                     
+++++++++++++++++++++++++++++++++++++++++++++++++++++++++++++++++++++++++++++++++++++++++++++++++++++++
 compare_pileup.py --multiplier 1 --sim /egr/research-cmm/Projects/Aritra/cpTi_hexMatrix/SyntheticTests/NewOptimization_Study/CRSS_120_60_180/SingleOri_77_81_261_higherWeightage/Generation_04/Test_036/Orientation_01/subset_sim.txt /egr/research-cmm/Projects/Aritra/cpTi_hexMatrix/SyntheticTests/NewOptimization_Study/CRSS_120_60_180/SingleOri_77_81_261_higherWeightage/cpTi_NewModel_indent_exp_pileUp_1.txt  ***
 load_disp error-- 0.213702702579
 *** pile_up_error-- 0.134169523111
 *** orientation --> [  77.   81.  261.] ***
 +++++++++++++++++++++++++++++++++ current fitness and points +++++++++++++++++++++++++++

 0.158029476951
 [  1.77529784e+08   7.57441708e+07   2.89719136e+08]
++++++++++++++++++++++++++++++++++++++++++++++++++++++++++++++++++++++++++++++++++++++++

 Generation 4 
 ++++++++++++++++++++++++++++++++++++++++ doing for orientation ++++++++++++++++++++++++++++++++++++++++
                                          77.0-81.0-261.0                                                     
+++++++++++++++++++++++++++++++++++++++++++++++++++++++++++++++++++++++++++++++++++++++++++++++++++++++
 compare_pileup.py --multiplier 1 --sim /egr/research-cmm/Projects/Aritra/cpTi_hexMatrix/SyntheticTests/NewOptimization_Study/CRSS_120_60_180/SingleOri_77_81_261_higherWeightage/Generation_04/Test_037/Orientation_01/subset_sim.txt /egr/research-cmm/Projects/Aritra/cpTi_hexMatrix/SyntheticTests/NewOptimization_Study/CRSS_120_60_180/SingleOri_77_81_261_higherWeightage/cpTi_NewModel_indent_exp_pileUp_1.txt  ***
 load_disp error-- 0.611841419832
 *** pile_up_error-- 1.844954992
 *** orientation --> [  77.   81.  261.] ***
 +++++++++++++++++++++++++++++++++ current fitness and points +++++++++++++++++++++++++++

 1.47502092035
 [  2.27101057e+08   3.10415596e+08   1.58492207e+08]
++++++++++++++++++++++++++++++++++++++++++++++++++++++++++++++++++++++++++++++++++++++++

 Generation 4 
 ++++++++++++++++++++++++++++++++++++++++ doing for orientation ++++++++++++++++++++++++++++++++++++++++
                                          77.0-81.0-261.0                                                     
+++++++++++++++++++++++++++++++++++++++++++++++++++++++++++++++++++++++++++++++++++++++++++++++++++++++
 compare_pileup.py --multiplier 1 --sim /egr/research-cmm/Projects/Aritra/cpTi_hexMatrix/SyntheticTests/NewOptimization_Study/CRSS_120_60_180/SingleOri_77_81_261_higherWeightage/Generation_04/Test_038/Orientation_01/subset_sim.txt /egr/research-cmm/Projects/Aritra/cpTi_hexMatrix/SyntheticTests/NewOptimization_Study/CRSS_120_60_180/SingleOri_77_81_261_higherWeightage/cpTi_NewModel_indent_exp_pileUp_1.txt  ***
 load_disp error-- 0.165489544539
 *** pile_up_error-- 0.298900371346
 *** orientation --> [  77.   81.  261.] ***
 +++++++++++++++++++++++++++++++++ current fitness and points +++++++++++++++++++++++++++

 0.258877123304
 [  1.64443389e+08   1.00000000e+07   3.19113859e+08]
++++++++++++++++++++++++++++++++++++++++++++++++++++++++++++++++++++++++++++++++++++++++

 Generation 4 
 ++++++++++++++++++++++++++++++++++++++++ doing for orientation ++++++++++++++++++++++++++++++++++++++++
                                          77.0-81.0-261.0                                                     
+++++++++++++++++++++++++++++++++++++++++++++++++++++++++++++++++++++++++++++++++++++++++++++++++++++++
 compare_pileup.py --multiplier 1 --sim /egr/research-cmm/Projects/Aritra/cpTi_hexMatrix/SyntheticTests/NewOptimization_Study/CRSS_120_60_180/SingleOri_77_81_261_higherWeightage/Generation_04/Test_039/Orientation_01/subset_sim.txt /egr/research-cmm/Projects/Aritra/cpTi_hexMatrix/SyntheticTests/NewOptimization_Study/CRSS_120_60_180/SingleOri_77_81_261_higherWeightage/cpTi_NewModel_indent_exp_pileUp_1.txt  ***
 load_disp error-- 0.156255502794
 *** pile_up_error-- 0.280472234019
 *** orientation --> [  77.   81.  261.] ***
 +++++++++++++++++++++++++++++++++ current fitness and points +++++++++++++++++++++++++++

 0.243207214651
 [  1.61538038e+08   1.12292189e+07   3.83610042e+08]
++++++++++++++++++++++++++++++++++++++++++++++++++++++++++++++++++++++++++++++++++++++++

 Generation 4 
 ++++++++++++++++++++++++++++++++++++++++ doing for orientation ++++++++++++++++++++++++++++++++++++++++
                                          77.0-81.0-261.0                                                     
+++++++++++++++++++++++++++++++++++++++++++++++++++++++++++++++++++++++++++++++++++++++++++++++++++++++
 compare_pileup.py --multiplier 1 --sim /egr/research-cmm/Projects/Aritra/cpTi_hexMatrix/SyntheticTests/NewOptimization_Study/CRSS_120_60_180/SingleOri_77_81_261_higherWeightage/Generation_04/Test_040/Orientation_01/subset_sim.txt /egr/research-cmm/Projects/Aritra/cpTi_hexMatrix/SyntheticTests/NewOptimization_Study/CRSS_120_60_180/SingleOri_77_81_261_higherWeightage/cpTi_NewModel_indent_exp_pileUp_1.txt  ***
 load_disp error-- 0.235150306806
 *** pile_up_error-- 0.321590024291
 *** orientation --> [  77.   81.  261.] ***
 +++++++++++++++++++++++++++++++++ current fitness and points +++++++++++++++++++++++++++

 0.295658109045
 [  1.25416239e+08   1.00000000e+07   3.90410622e+08]
++++++++++++++++++++++++++++++++++++++++++++++++++++++++++++++++++++++++++++++++++++++++

 =================== current population ======================
 [[ 0.44414795  0.          0.96082076]
 [ 0.37631946  0.01193046  0.73491831]
 [ 0.33614742  0.01510913  1.        ]
 [ 0.50011323  0.05540425  0.91775411]
 [ 0.49474115  0.          0.98120518]
 [ 0.42956355  0.1685748   0.71722855]
 [ 0.55666938  0.7702964   0.38074925]
 [ 0.39600869  0.          0.79259964]
 [ 0.38855907  0.00315184  0.95797447]
 [ 0.29593907  0.          0.97541185]]
=============================================================
 ****** the current best fitness is **** 0.131243369929
 Generation 5 
 ++++++++++++++++++++++++++++++++++++++++ doing for orientation ++++++++++++++++++++++++++++++++++++++++
                                          77.0-81.0-261.0                                                     
+++++++++++++++++++++++++++++++++++++++++++++++++++++++++++++++++++++++++++++++++++++++++++++++++++++++
 compare_pileup.py --multiplier 1 --sim /egr/research-cmm/Projects/Aritra/cpTi_hexMatrix/SyntheticTests/NewOptimization_Study/CRSS_120_60_180/SingleOri_77_81_261_higherWeightage/Generation_05/Test_041/Orientation_01/subset_sim.txt /egr/research-cmm/Projects/Aritra/cpTi_hexMatrix/SyntheticTests/NewOptimization_Study/CRSS_120_60_180/SingleOri_77_81_261_higherWeightage/cpTi_NewModel_indent_exp_pileUp_1.txt  ***
 load_disp error-- 0.139684418149
 *** pile_up_error-- 0.299798933344
 *** orientation --> [  77.   81.  261.] ***
 +++++++++++++++++++++++++++++++++ current fitness and points +++++++++++++++++++++++++++

 0.251764578785
 [  1.77563836e+08   1.00000000e+07   3.78186577e+08]
++++++++++++++++++++++++++++++++++++++++++++++++++++++++++++++++++++++++++++++++++++++++

 Generation 5 
 ++++++++++++++++++++++++++++++++++++++++ doing for orientation ++++++++++++++++++++++++++++++++++++++++
                                          77.0-81.0-261.0                                                     
+++++++++++++++++++++++++++++++++++++++++++++++++++++++++++++++++++++++++++++++++++++++++++++++++++++++
 compare_pileup.py --multiplier 1 --sim /egr/research-cmm/Projects/Aritra/cpTi_hexMatrix/SyntheticTests/NewOptimization_Study/CRSS_120_60_180/SingleOri_77_81_261_higherWeightage/Generation_05/Test_042/Orientation_01/subset_sim.txt /egr/research-cmm/Projects/Aritra/cpTi_hexMatrix/SyntheticTests/NewOptimization_Study/CRSS_120_60_180/SingleOri_77_81_261_higherWeightage/cpTi_NewModel_indent_exp_pileUp_1.txt  ***
 load_disp error-- 0.0437987230253
 *** pile_up_error-- 0.145403528385
 *** orientation --> [  77.   81.  261.] ***
 +++++++++++++++++++++++++++++++++ current fitness and points +++++++++++++++++++++++++++

 0.114922086777
 [  1.67121324e+08   2.71538582e+07   3.05392109e+08]
++++++++++++++++++++++++++++++++++++++++++++++++++++++++++++++++++++++++++++++++++++++++

 Generation 5 
 ++++++++++++++++++++++++++++++++++++++++ doing for orientation ++++++++++++++++++++++++++++++++++++++++
                                          77.0-81.0-261.0                                                     
+++++++++++++++++++++++++++++++++++++++++++++++++++++++++++++++++++++++++++++++++++++++++++++++++++++++
 compare_pileup.py --multiplier 1 --sim /egr/research-cmm/Projects/Aritra/cpTi_hexMatrix/SyntheticTests/NewOptimization_Study/CRSS_120_60_180/SingleOri_77_81_261_higherWeightage/Generation_05/Test_043/Orientation_01/subset_sim.txt /egr/research-cmm/Projects/Aritra/cpTi_hexMatrix/SyntheticTests/NewOptimization_Study/CRSS_120_60_180/SingleOri_77_81_261_higherWeightage/cpTi_NewModel_indent_exp_pileUp_1.txt  ***
 load_disp error-- 0.0591442841928
 *** pile_up_error-- 0.16004558729
 *** orientation --> [  77.   81.  261.] ***
 +++++++++++++++++++++++++++++++++ current fitness and points +++++++++++++++++++++++++++

 0.129775196361
 [  1.60385317e+08   2.62191148e+07   3.47706749e+08]
++++++++++++++++++++++++++++++++++++++++++++++++++++++++++++++++++++++++++++++++++++++++

 Generation 5 
 ++++++++++++++++++++++++++++++++++++++++ doing for orientation ++++++++++++++++++++++++++++++++++++++++
                                          77.0-81.0-261.0                                                     
+++++++++++++++++++++++++++++++++++++++++++++++++++++++++++++++++++++++++++++++++++++++++++++++++++++++
 compare_pileup.py --multiplier 1 --sim /egr/research-cmm/Projects/Aritra/cpTi_hexMatrix/SyntheticTests/NewOptimization_Study/CRSS_120_60_180/SingleOri_77_81_261_higherWeightage/Generation_05/Test_044/Orientation_01/subset_sim.txt /egr/research-cmm/Projects/Aritra/cpTi_hexMatrix/SyntheticTests/NewOptimization_Study/CRSS_120_60_180/SingleOri_77_81_261_higherWeightage/cpTi_NewModel_indent_exp_pileUp_1.txt  ***
 load_disp error-- 0.0811938470447
 *** pile_up_error-- 0.189121564247
 *** orientation --> [  77.   81.  261.] ***
 +++++++++++++++++++++++++++++++++ current fitness and points +++++++++++++++++++++++++++

 0.156743249086
 [  1.67638057e+08   2.04654584e+07   3.24560262e+08]
++++++++++++++++++++++++++++++++++++++++++++++++++++++++++++++++++++++++++++++++++++++++
